<?xml version="1.0" encoding="UTF-8"?>
<testng-results ignored="0" total="1" passed="0" failed="1" skipped="0">
  <reporter-output>
  </reporter-output>
  <suite started-at="2023-10-30T11:44:20 IST" name="Suite" finished-at="2023-10-30T11:44:58 IST" duration-ms="38197">
    <groups>
      <group name="Sanity">
        <method signature="RSRegistration_ScheduleAssignByAdminTest.rsRegistredCustomerScheduleAssignByAdminCase(java.util.HashMap)[pri:6, instance:com.edm_dsm_web.testcases.RSRegistration_ScheduleAssignByAdminTest@2767e23c]" name="rsRegistredCustomerScheduleAssignByAdminCase" class="com.edm_dsm_web.testcases.RSRegistration_ScheduleAssignByAdminTest"/>
      </group> <!-- Sanity -->
      <group name="Smoke">
        <method signature="RSRegistration_ScheduleAssignByAdminTest.rsRegistredCustomerScheduleAssignByAdminCase(java.util.HashMap)[pri:6, instance:com.edm_dsm_web.testcases.RSRegistration_ScheduleAssignByAdminTest@2767e23c]" name="rsRegistredCustomerScheduleAssignByAdminCase" class="com.edm_dsm_web.testcases.RSRegistration_ScheduleAssignByAdminTest"/>
      </group> <!-- Smoke -->
    </groups>
    <test started-at="2023-10-30T11:44:20 IST" name="Test" finished-at="2023-10-30T11:44:58 IST" duration-ms="38197">
      <class name="com.edm_dsm_web.testcases.RSRegistration_ScheduleAssignByAdminTest">
        <test-method is-config="true" signature="loadConfig()[pri:0, instance:com.edm_dsm_web.testcases.RSRegistration_ScheduleAssignByAdminTest@2767e23c]" started-at="2023-10-30T11:44:20 IST" name="loadConfig" finished-at="2023-10-30T11:44:20 IST" duration-ms="419" status="PASS">
          <reporter-output>
          </reporter-output>
        </test-method> <!-- loadConfig -->
        <test-method is-config="true" signature="setup(java.lang.String)[pri:0, instance:com.edm_dsm_web.testcases.RSRegistration_ScheduleAssignByAdminTest@2767e23c]" started-at="2023-10-30T11:44:21 IST" name="setup" finished-at="2023-10-30T11:44:25 IST" duration-ms="3312" status="PASS">
          <params>
            <param index="0">
              <value>
                <![CDATA[Chrome]]>
              </value>
            </param>
          </params>
          <reporter-output>
          </reporter-output>
        </test-method> <!-- setup -->
        <test-method signature="rsRegistredCustomerScheduleAssignByAdminCase(java.util.HashMap)[pri:6, instance:com.edm_dsm_web.testcases.RSRegistration_ScheduleAssignByAdminTest@2767e23c]" started-at="2023-10-30T11:44:25 IST" name="rsRegistredCustomerScheduleAssignByAdminCase" data-provider="RS_Registration_Admin" finished-at="2023-10-30T11:44:58 IST" duration-ms="33445" status="FAIL">
          <params>
            <param index="0">
              <value>
                <![CDATA[{=, HomeAddress=1898 Young Ave, Memphis, TN, 38114, Account=4567890, Email=example@yopmail.com, PrimaryHeatingType=Electric, WaterHeaters=2, Refrigerators=1, Meter=123, HomeType=Condominium, SqrFootage=10001, ValidPass=Demo@1234, ScheduledDate=16, SelectAdvisor=Vrushali HUP Advisor1, Occupants=7, CallLog=Testing, HVACUnits=8, CompanyName=Knoxville Utilities Board, PhoneNo=1-234-555-6789, Foundation=Unconditioned Basement, TypeOfHeating=Baseboard Heaters, YearBuilt=2010, SiteID=, ScheduledTime=09:00 AM, FirstName=Rs1, DoYouOwn=Yes, ProgThermoStat=Yes, ScheduledMonth=Nov, AppoinmentType=On-Site Insp Only, Orientation=East, RenatalProperty=No, WaterHeatingType=Electric, ValidLoginID=anilk.admin, InternetAccess=Yes, WIFIEnabled=Yes, Bedrooms=3, PaymentMethod=TVA Coupon, CallDeposition=Scheduled Inspection/Evaluation, LastName=Test1, BuySellingHome=No, EvalID=1126694, SelectedProgram=Residential Services}]]>
              </value>
            </param>
          </params>
          <exception class="org.openqa.selenium.NoSuchElementException">
            <message>
              <![CDATA[no such element: Unable to locate element: {"method":"css selector","selector":"#drpProgramList"}
  (Session info: chrome=118.0.5993.117)
For documentation on this error, please visit: https://www.selenium.dev/documentation/webdriver/troubleshooting/errors#no-such-element-exception
Build info: version: '4.11.0', revision: '040bc5406b'
System info: os.name: 'Windows 10', os.arch: 'amd64', os.version: '10.0', java.version: '17.0.8'
Driver info: org.openqa.selenium.chrome.ChromeDriver
Command: [189987ea5c6d9151f2c66b12814d8020, findElement {using=id, value=drpProgramList}]
Capabilities {acceptInsecureCerts: false, browserName: chrome, browserVersion: 118.0.5993.117, chrome: {chromedriverVersion: 118.0.5993.70 (e52f33f30b91..., userDataDir: C:\Users\anil.k\AppData\Loc...}, fedcm:accounts: true, goog:chromeOptions: {debuggerAddress: localhost:50686}, networkConnectionEnabled: false, pageLoadStrategy: normal, platformName: windows, proxy: Proxy(), se:cdp: ws://localhost:50686/devtoo..., se:cdpVersion: 118.0.5993.117, setWindowRect: true, strictFileInteractability: false, timeouts: {implicit: 0, pageLoad: 300000, script: 30000}, unhandledPromptBehavior: dismiss and notify, webauthn:extension:credBlob: true, webauthn:extension:largeBlob: true, webauthn:extension:minPinLength: true, webauthn:extension:prf: true, webauthn:virtualAuthenticators: true}
Session ID: 189987ea5c6d9151f2c66b12814d8020]]>
            </message>
            <full-stacktrace>
              <![CDATA[org.openqa.selenium.NoSuchElementException: no such element: Unable to locate element: {"method":"css selector","selector":"#drpProgramList"}
  (Session info: chrome=118.0.5993.117)
For documentation on this error, please visit: https://www.selenium.dev/documentation/webdriver/troubleshooting/errors#no-such-element-exception
Build info: version: '4.11.0', revision: '040bc5406b'
System info: os.name: 'Windows 10', os.arch: 'amd64', os.version: '10.0', java.version: '17.0.8'
Driver info: org.openqa.selenium.chrome.ChromeDriver
Command: [189987ea5c6d9151f2c66b12814d8020, findElement {using=id, value=drpProgramList}]
Capabilities {acceptInsecureCerts: false, browserName: chrome, browserVersion: 118.0.5993.117, chrome: {chromedriverVersion: 118.0.5993.70 (e52f33f30b91..., userDataDir: C:\Users\anil.k\AppData\Loc...}, fedcm:accounts: true, goog:chromeOptions: {debuggerAddress: localhost:50686}, networkConnectionEnabled: false, pageLoadStrategy: normal, platformName: windows, proxy: Proxy(), se:cdp: ws://localhost:50686/devtoo..., se:cdpVersion: 118.0.5993.117, setWindowRect: true, strictFileInteractability: false, timeouts: {implicit: 0, pageLoad: 300000, script: 30000}, unhandledPromptBehavior: dismiss and notify, webauthn:extension:credBlob: true, webauthn:extension:largeBlob: true, webauthn:extension:minPinLength: true, webauthn:extension:prf: true, webauthn:virtualAuthenticators: true}
Session ID: 189987ea5c6d9151f2c66b12814d8020
at java.base/jdk.internal.reflect.NativeConstructorAccessorImpl.newInstance0(Native Method)
at java.base/jdk.internal.reflect.NativeConstructorAccessorImpl.newInstance(NativeConstructorAccessorImpl.java:77)
at java.base/jdk.internal.reflect.DelegatingConstructorAccessorImpl.newInstance(DelegatingConstructorAccessorImpl.java:45)
at java.base/java.lang.reflect.Constructor.newInstanceWithCaller(Constructor.java:499)
at java.base/java.lang.reflect.Constructor.newInstance(Constructor.java:480)
at org.openqa.selenium.remote.codec.w3c.W3CHttpResponseCodec.createException(W3CHttpResponseCodec.java:200)
at org.openqa.selenium.remote.codec.w3c.W3CHttpResponseCodec.decode(W3CHttpResponseCodec.java:133)
at org.openqa.selenium.remote.codec.w3c.W3CHttpResponseCodec.decode(W3CHttpResponseCodec.java:52)
at org.openqa.selenium.remote.HttpCommandExecutor.execute(HttpCommandExecutor.java:191)
at org.openqa.selenium.remote.service.DriverCommandExecutor.invokeExecute(DriverCommandExecutor.java:196)
at org.openqa.selenium.remote.service.DriverCommandExecutor.execute(DriverCommandExecutor.java:171)
at org.openqa.selenium.remote.RemoteWebDriver.execute(RemoteWebDriver.java:518)
at org.openqa.selenium.remote.ElementLocation$ElementFinder$2.findElement(ElementLocation.java:165)
at org.openqa.selenium.remote.ElementLocation.findElement(ElementLocation.java:59)
at org.openqa.selenium.remote.RemoteWebDriver.findElement(RemoteWebDriver.java:355)
at org.openqa.selenium.remote.RemoteWebDriver.findElement(RemoteWebDriver.java:349)
at org.openqa.selenium.support.pagefactory.DefaultElementLocator.findElement(DefaultElementLocator.java:68)
at org.openqa.selenium.support.pagefactory.internal.LocatingElementHandler.invoke(LocatingElementHandler.java:38)
at jdk.proxy2/jdk.proxy2.$Proxy25.getWrappedElement(Unknown Source)
at org.openqa.selenium.remote.internal.WebElementToJsonConverter.apply(WebElementToJsonConverter.java:51)
at java.base/java.util.stream.ReferencePipeline$3$1.accept(ReferencePipeline.java:197)
at java.base/java.util.Spliterators$ArraySpliterator.forEachRemaining(Spliterators.java:992)
at java.base/java.util.stream.AbstractPipeline.copyInto(AbstractPipeline.java:509)
at java.base/java.util.stream.AbstractPipeline.wrapAndCopyInto(AbstractPipeline.java:499)
at java.base/java.util.stream.ReduceOps$ReduceOp.evaluateSequential(ReduceOps.java:921)
at java.base/java.util.stream.AbstractPipeline.evaluate(AbstractPipeline.java:234)
at java.base/java.util.stream.ReferencePipeline.collect(ReferencePipeline.java:682)
at org.openqa.selenium.remote.RemoteWebDriver.executeScript(RemoteWebDriver.java:461)
at com.edm_dsm_web.actiondriver.ActionDrivers.JSClick(ActionDrivers.java:252)
at com.edm_dsm_web.pageobjects.RsScheduleAssignByAdminPage.rsRegistredCustomerSelecting(RsScheduleAssignByAdminPage.java:161)
at com.edm_dsm_web.testcases.RSRegistration_ScheduleAssignByAdminTest.rsRegistredCustomerScheduleAssignByAdminCase(RSRegistration_ScheduleAssignByAdminTest.java:128)
at java.base/jdk.internal.reflect.NativeMethodAccessorImpl.invoke0(Native Method)
at java.base/jdk.internal.reflect.NativeMethodAccessorImpl.invoke(NativeMethodAccessorImpl.java:77)
at java.base/jdk.internal.reflect.DelegatingMethodAccessorImpl.invoke(DelegatingMethodAccessorImpl.java:43)
at java.base/java.lang.reflect.Method.invoke(Method.java:568)
at org.testng.internal.invokers.MethodInvocationHelper.invokeMethod(MethodInvocationHelper.java:139)
at org.testng.internal.invokers.TestInvoker.invokeMethod(TestInvoker.java:664)
at org.testng.internal.invokers.TestInvoker.invokeTestMethod(TestInvoker.java:227)
at org.testng.internal.invokers.MethodRunner.runInSequence(MethodRunner.java:50)
at org.testng.internal.invokers.TestInvoker$MethodInvocationAgent.invoke(TestInvoker.java:957)
at org.testng.internal.invokers.TestInvoker.invokeTestMethods(TestInvoker.java:200)
at org.testng.internal.invokers.TestMethodWorker.invokeTestMethods(TestMethodWorker.java:148)
at org.testng.internal.invokers.TestMethodWorker.run(TestMethodWorker.java:128)
at java.base/java.util.ArrayList.forEach(ArrayList.java:1511)
at org.testng.TestRunner.privateRun(TestRunner.java:848)
at org.testng.TestRunner.run(TestRunner.java:621)
at org.testng.SuiteRunner.runTest(SuiteRunner.java:443)
at org.testng.SuiteRunner.runSequentially(SuiteRunner.java:437)
at org.testng.SuiteRunner.privateRun(SuiteRunner.java:397)
at org.testng.SuiteRunner.run(SuiteRunner.java:336)
at org.testng.SuiteRunnerWorker.runSuite(SuiteRunnerWorker.java:52)
at org.testng.SuiteRunnerWorker.run(SuiteRunnerWorker.java:95)
at org.testng.TestNG.runSuitesSequentially(TestNG.java:1280)
at org.testng.TestNG.runSuitesLocally(TestNG.java:1200)
at org.testng.TestNG.runSuites(TestNG.java:1114)
at org.testng.TestNG.run(TestNG.java:1082)
at org.testng.remote.AbstractRemoteTestNG.run(AbstractRemoteTestNG.java:115)
at org.testng.remote.RemoteTestNG.initAndRun(RemoteTestNG.java:251)
at org.testng.remote.RemoteTestNG.main(RemoteTestNG.java:77)
]]>
            </full-stacktrace>
          </exception> <!-- org.openqa.selenium.NoSuchElementException -->
          <reporter-output>
          </reporter-output>
        </test-method> <!-- rsRegistredCustomerScheduleAssignByAdminCase -->
        <test-method is-config="true" signature="tearDown()[pri:0, instance:com.edm_dsm_web.testcases.RSRegistration_ScheduleAssignByAdminTest@2767e23c]" started-at="2023-10-30T11:44:58 IST" name="tearDown" finished-at="2023-10-30T11:44:58 IST" duration-ms="120" status="PASS">
          <reporter-output>
          </reporter-output>
        </test-method> <!-- tearDown -->
        <test-method is-config="true" signature="afterSuite()[pri:0, instance:com.edm_dsm_web.testcases.RSRegistration_ScheduleAssignByAdminTest@2767e23c]" started-at="2023-10-30T11:44:58 IST" name="afterSuite" finished-at="2023-10-30T11:44:59 IST" duration-ms="422" status="PASS">
          <reporter-output>
          </reporter-output>
        </test-method> <!-- afterSuite -->
      </class> <!-- com.edm_dsm_web.testcases.RSRegistration_ScheduleAssignByAdminTest -->
    </test> <!-- Test -->
  </suite> <!-- Suite -->
</testng-results>
