<?xml version="1.0" encoding="UTF-8"?>
<!-- Generated by org.testng.reporters.JUnitXMLReporter -->
<testsuite ignored="0" hostname="UE-LT5-DEV-AnilKasture" failures="1" tests="5" name="ChromeTest" time="31.474" errors="0" timestamp="2023-08-11T09:54:56 IST">
  <testcase classname="com.edm_dsm_web.testcases.AccountLoginPageTest" name="loginWithOutLoginID_WithOutPass" time="0.302">
    <failure type="java.lang.AssertionError" message="expected [https://esadmin.energydatametrics.com/Index.aspx] but found [https://esadmin.energydatametrics.com/Account/Login.aspx]">
      <![CDATA[java.lang.AssertionError: expected [https://esadmin.energydatametrics.com/Index.aspx] but found [https://esadmin.energydatametrics.com/Account/Login.aspx]
at com.edm_dsm_web.testcases.AccountLoginPageTest.loginWithOutLoginID_WithOutPass(AccountLoginPageTest.java:43)
at java.base/java.util.ArrayList.forEach(ArrayList.java:1511)
... Removed 33 stack frames]]>
    </failure>
  </testcase> <!-- loginWithOutLoginID_WithOutPass -->
  <testcase classname="com.edm_dsm_web.testcases.AccountLoginPageTest" name="loginWithValidLoginID_InvalidPass" time="0.735"/>
  <testcase classname="com.edm_dsm_web.testcases.AccountLoginPageTest" name="loginWithInValidLoginID_validPass" time="0.743"/>
  <testcase classname="com.edm_dsm_web.testcases.AccountLoginPageTest" name="loginWithInValidLoginID_InvalidPass" time="0.728"/>
  <testcase classname="com.edm_dsm_web.testcases.AccountLoginPageTest" name="loginWithValidLoginID_validPass" time="7.155"/>
</testsuite> <!-- ChromeTest -->
