<?xml version="1.0" encoding="UTF-8"?>
<!-- Generated by org.testng.reporters.JUnitXMLReporter -->
<testsuite ignored="0" hostname="UE-LT5-DEV-AnilKasture" failures="5" tests="5" name="FirefoxTest" time="34.319" errors="0" timestamp="2023-08-11T09:53:02 IST">
  <testcase classname="com.edm_dsm_web.testcases.AccountLoginPageTest" name="loginWithOutLoginID_WithOutPass" time="0.103">
    <failure type="java.lang.AssertionError" message="expected [https://esadmin.energydatametrics.com/Index.aspx] but found [https://esadmin.energydatametrics.com/Account/Login.aspx]">
      <![CDATA[java.lang.AssertionError: expected [https://esadmin.energydatametrics.com/Index.aspx] but found [https://esadmin.energydatametrics.com/Account/Login.aspx]
at com.edm_dsm_web.testcases.AccountLoginPageTest.loginWithOutLoginID_WithOutPass(AccountLoginPageTest.java:43)
at java.base/java.util.ArrayList.forEach(ArrayList.java:1511)
... Removed 33 stack frames]]>
    </failure>
  </testcase> <!-- loginWithOutLoginID_WithOutPass -->
  <testcase classname="com.edm_dsm_web.testcases.AccountLoginPageTest" name="loginWithValidLoginID_InvalidPass" time="0.155">
    <failure type="java.lang.AssertionError" message="expected [true] but found [false]">
      <![CDATA[java.lang.AssertionError: expected [true] but found [false]
at com.edm_dsm_web.testcases.AccountLoginPageTest.loginWithValidLoginID_InvalidPass(AccountLoginPageTest.java:57)
at java.base/java.util.ArrayList.forEach(ArrayList.java:1511)
... Removed 31 stack frames]]>
    </failure>
  </testcase> <!-- loginWithValidLoginID_InvalidPass -->
  <testcase classname="com.edm_dsm_web.testcases.AccountLoginPageTest" name="loginWithInValidLoginID_validPass" time="0.165">
    <failure type="java.lang.AssertionError" message="expected [true] but found [false]">
      <![CDATA[java.lang.AssertionError: expected [true] but found [false]
at com.edm_dsm_web.testcases.AccountLoginPageTest.loginWithInValidLoginID_validPass(AccountLoginPageTest.java:70)
at java.base/java.util.ArrayList.forEach(ArrayList.java:1511)
... Removed 31 stack frames]]>
    </failure>
  </testcase> <!-- loginWithInValidLoginID_validPass -->
  <testcase classname="com.edm_dsm_web.testcases.AccountLoginPageTest" name="loginWithInValidLoginID_InvalidPass" time="0.153">
    <failure type="java.lang.AssertionError" message="expected [true] but found [false]">
      <![CDATA[java.lang.AssertionError: expected [true] but found [false]
at com.edm_dsm_web.testcases.AccountLoginPageTest.loginWithInValidLoginID_InvalidPass(AccountLoginPageTest.java:84)
at java.base/java.util.ArrayList.forEach(ArrayList.java:1511)
... Removed 31 stack frames]]>
    </failure>
  </testcase> <!-- loginWithInValidLoginID_InvalidPass -->
  <testcase classname="com.edm_dsm_web.testcases.AccountLoginPageTest" name="loginWithValidLoginID_validPass" time="0.125">
    <failure type="java.lang.AssertionError" message="expected [https://esadmin.energydatametrics.com/Index.aspx] but found [https://esadmin.energydatametrics.com/Account/Login.aspx]">
      <![CDATA[java.lang.AssertionError: expected [https://esadmin.energydatametrics.com/Index.aspx] but found [https://esadmin.energydatametrics.com/Account/Login.aspx]
at com.edm_dsm_web.testcases.AccountLoginPageTest.loginWithValidLoginID_validPass(AccountLoginPageTest.java:98)
at java.base/java.util.ArrayList.forEach(ArrayList.java:1511)
... Removed 33 stack frames]]>
    </failure>
  </testcase> <!-- loginWithValidLoginID_validPass -->
</testsuite> <!-- FirefoxTest -->
